<?xml version="1.0" encoding="UTF-8"?>
<testng-results ignored="0" total="1" passed="1" failed="0" skipped="0">
  <reporter-output>
  </reporter-output>
  <suite started-at="2020-09-26T00:28:29 IST" name="Suite" finished-at="2020-09-26T00:28:33 IST" duration-ms="4805">
    <groups>
    </groups>
    <test started-at="2020-09-26T00:28:29 IST" name="Test" finished-at="2020-09-26T00:28:33 IST" duration-ms="4805">
      <class name="testCases.Employee">
        <test-method signature="update_Employee()[pri:0, instance:testCases.Employee@48e4374]" started-at="2020-09-26T00:28:29 IST" name="update_Employee" finished-at="2020-09-26T00:28:33 IST" duration-ms="4762" status="PASS">
          <reporter-output>
          </reporter-output>
        </test-method> <!-- update_Employee -->
      </class> <!-- testCases.Employee -->
    </test> <!-- Test -->
  </suite> <!-- Suite -->
</testng-results>
